<?xml version="1.0" encoding="UTF-8"?>
<!-- Generated by org.testng.reporters.JUnitXMLReporter -->
<testsuite hostname="CPX-R8XMCY77B44" ignored="0" name="testSuite1" tests="14" failures="0" timestamp="26 avr. 2018 08:22:22 GMT" time="95.323" errors="0">
  <testcase name="login" time="6.276" classname="account.NewAccountTest"/>
  <testcase name="accessAccountTab" time="1.512" classname="account.NewAccountTest"/>
  <testcase name="clicNewAccountBtn" time="0.812" classname="account.NewAccountTest"/>
  <testcase name="checkNewAccountVisibleFields" time="1.809" classname="account.NewAccountTest"/>
  <testcase name="checkNewAccountEditableFields" time="2.934" classname="account.NewAccountTest"/>
  <testcase name="checkEditPageButtons" time="0.121" classname="account.NewAccountTest"/>
  <testcase name="fillNewAccountFields" time="30.228" classname="account.NewAccountTest"/>
  <testcase name="clickSaveButton" time="1.642" classname="account.NewAccountTest"/>
  <testcase name="saveMultipleAccounts" time="3.69" classname="account.NewAccountTest"/>
  <testcase name="checkAccountViewPageLabels" time="1.553" classname="account.NewAccountTest"/>
  <testcase name="validateNewAccount" time="1.785" classname="account.NewAccountTest"/>
  <testcase name="checkViewPageButtons" time="0.147" classname="account.NewAccountTest"/>
  <testcase name="checkRelatedLists" time="0.35" classname="account.NewAccountTest"/>
  <testcase name="logoutAndClose" time="0.508" classname="account.NewAccountTest"/>
</testsuite> <!-- testSuite1 -->
