<?xml version="1.0" encoding="UTF-8"?>
<!-- Generated by org.testng.reporters.JUnitXMLReporter -->
<testsuite hostname="CPX-R8XMCY77B44" ignored="0" name="NRT" tests="14" failures="0" timestamp="24 avr. 2018 09:02:38 GMT" time="125.319" errors="0">
  <testcase name="login" time="9.396" classname="account.NewAccountTest"/>
  <testcase name="accessAccountTab" time="5.541" classname="account.NewAccountTest"/>
  <testcase name="clicNewAccountBtn" time="1.098" classname="account.NewAccountTest"/>
  <testcase name="checkNewAccountVisibleFields" time="2.389" classname="account.NewAccountTest"/>
  <testcase name="checkNewAccountEditableFields" time="6.198" classname="account.NewAccountTest"/>
  <testcase name="checkEditPageButtons" time="0.366" classname="account.NewAccountTest"/>
  <testcase name="fillNewAccountFields" time="34.592" classname="account.NewAccountTest"/>
  <testcase name="clickSaveButton" time="1.48" classname="account.NewAccountTest"/>
  <testcase name="saveMultipleAccounts" time="4.307" classname="account.NewAccountTest"/>
  <testcase name="checkAccountViewPageLabels" time="1.901" classname="account.NewAccountTest"/>
  <testcase name="validateNewAccount" time="3.792" classname="account.NewAccountTest"/>
  <testcase name="checkViewPageButtons" time="0.657" classname="account.NewAccountTest"/>
  <testcase name="checkRelatedLists" time="1.23" classname="account.NewAccountTest"/>
  <testcase name="logoutAndClose" time="1.908" classname="account.NewAccountTest"/>
</testsuite> <!-- NRT -->
