<?xml version="1.0" encoding="UTF-8"?>
<!-- Generated by org.testng.reporters.JUnitXMLReporter -->
<testsuite hostname="CPX-R8XMCY77B44" ignored="0" name="NRT2" tests="14" failures="0" timestamp="24 avr. 2018 09:04:27 GMT" time="108.715" errors="0">
  <testcase name="login" time="9.704" classname="account.NewAccountTestTest"/>
  <testcase name="accessAccountTab" time="4.286" classname="account.NewAccountTestTest"/>
  <testcase name="clicNewAccountBtn" time="1.176" classname="account.NewAccountTestTest"/>
  <testcase name="checkNewAccountVisibleFields" time="2.862" classname="account.NewAccountTestTest"/>
  <testcase name="checkNewAccountEditableFields" time="4.001" classname="account.NewAccountTestTest"/>
  <testcase name="checkEditPageButtons" time="0.229" classname="account.NewAccountTestTest"/>
  <testcase name="fillNewAccountFields" time="32.406" classname="account.NewAccountTestTest"/>
  <testcase name="clickSaveButton" time="1.334" classname="account.NewAccountTestTest"/>
  <testcase name="saveMultipleAccounts" time="1.605" classname="account.NewAccountTestTest"/>
  <testcase name="checkAccountViewPageLabels" time="1.94" classname="account.NewAccountTestTest"/>
  <testcase name="validateNewAccount" time="2.833" classname="account.NewAccountTestTest"/>
  <testcase name="checkViewPageButtons" time="0.129" classname="account.NewAccountTestTest"/>
  <testcase name="checkRelatedLists" time="0.722" classname="account.NewAccountTestTest"/>
  <testcase name="logoutAndClose" time="0.77" classname="account.NewAccountTestTest"/>
</testsuite> <!-- NRT2 -->
