<?xml version="1.0" encoding="UTF-8"?>
<!-- Generated by org.testng.reporters.JUnitXMLReporter -->
<testsuite hostname="CPX-R8XMCY77B44" ignored="0" name="TEST1" tests="14" failures="0" timestamp="25 avr. 2018 13:18:37 GMT" time="122.833" errors="0">
  <testcase name="login" time="13.473" classname="account.NewAccountTest"/>
  <testcase name="accessAccountTab" time="10.267" classname="account.NewAccountTest"/>
  <testcase name="clicNewAccountBtn" time="0.918" classname="account.NewAccountTest"/>
  <testcase name="checkNewAccountVisibleFields" time="1.592" classname="account.NewAccountTest"/>
  <testcase name="checkNewAccountEditableFields" time="2.281" classname="account.NewAccountTest"/>
  <testcase name="checkEditPageButtons" time="0.199" classname="account.NewAccountTest"/>
  <testcase name="fillNewAccountFields" time="19.18" classname="account.NewAccountTest"/>
  <testcase name="clickSaveButton" time="1.204" classname="account.NewAccountTest"/>
  <testcase name="saveMultipleAccounts" time="2.066" classname="account.NewAccountTest"/>
  <testcase name="checkAccountViewPageLabels" time="1.436" classname="account.NewAccountTest"/>
  <testcase name="validateNewAccount" time="2.098" classname="account.NewAccountTest"/>
  <testcase name="checkViewPageButtons" time="0.118" classname="account.NewAccountTest"/>
  <testcase name="checkRelatedLists" time="0.45" classname="account.NewAccountTest"/>
  <testcase name="logoutAndClose" time="1.186" classname="account.NewAccountTest"/>
</testsuite> <!-- TEST1 -->
