<?xml version="1.0" encoding="UTF-8"?>
<!-- Generated by org.testng.reporters.JUnitXMLReporter -->
<testsuite hostname="CPX-R8XMCY77B44" ignored="0" name="TEST2" tests="14" failures="0" timestamp="25 avr. 2018 13:20:02 GMT" time="85.121" errors="0">
  <testcase name="login" time="7.693" classname="account.NewAccountTest"/>
  <testcase name="accessAccountTab" time="1.474" classname="account.NewAccountTest"/>
  <testcase name="clicNewAccountBtn" time="0.789" classname="account.NewAccountTest"/>
  <testcase name="checkNewAccountVisibleFields" time="1.805" classname="account.NewAccountTest"/>
  <testcase name="checkNewAccountEditableFields" time="3.481" classname="account.NewAccountTest"/>
  <testcase name="checkEditPageButtons" time="0.134" classname="account.NewAccountTest"/>
  <testcase name="fillNewAccountFields" time="20.347" classname="account.NewAccountTest"/>
  <testcase name="clickSaveButton" time="0.662" classname="account.NewAccountTest"/>
  <testcase name="saveMultipleAccounts" time="1.817" classname="account.NewAccountTest"/>
  <testcase name="checkAccountViewPageLabels" time="1.03" classname="account.NewAccountTest"/>
  <testcase name="validateNewAccount" time="1.275" classname="account.NewAccountTest"/>
  <testcase name="checkViewPageButtons" time="0.086" classname="account.NewAccountTest"/>
  <testcase name="checkRelatedLists" time="0.239" classname="account.NewAccountTest"/>
  <testcase name="logoutAndClose" time="0.561" classname="account.NewAccountTest"/>
</testsuite> <!-- TEST2 -->
