<?xml version="1.0" encoding="UTF-8"?>
<!-- Generated by org.testng.reporters.JUnitXMLReporter -->
<testsuite hostname="CPX-R8XMCY77B44" ignored="0" name="Surefire test" tests="14" failures="0" timestamp="26 avr. 2018 07:52:43 GMT" time="109.728" errors="0">
  <testcase name="login" time="6.141" classname="account.NewAccountTest"/>
  <testcase name="accessAccountTab" time="2.072" classname="account.NewAccountTest"/>
  <testcase name="clicNewAccountBtn" time="1.322" classname="account.NewAccountTest"/>
  <testcase name="checkNewAccountVisibleFields" time="2.868" classname="account.NewAccountTest"/>
  <testcase name="checkNewAccountEditableFields" time="8.678" classname="account.NewAccountTest"/>
  <testcase name="checkEditPageButtons" time="0.351" classname="account.NewAccountTest"/>
  <testcase name="fillNewAccountFields" time="27.247" classname="account.NewAccountTest"/>
  <testcase name="clickSaveButton" time="0.889" classname="account.NewAccountTest"/>
  <testcase name="saveMultipleAccounts" time="9.158" classname="account.NewAccountTest"/>
  <testcase name="checkAccountViewPageLabels" time="1.707" classname="account.NewAccountTest"/>
  <testcase name="validateNewAccount" time="2.037" classname="account.NewAccountTest"/>
  <testcase name="checkViewPageButtons" time="0.125" classname="account.NewAccountTest"/>
  <testcase name="checkRelatedLists" time="0.344" classname="account.NewAccountTest"/>
  <testcase name="logoutAndClose" time="2.015" classname="account.NewAccountTest"/>
</testsuite> <!-- Surefire test -->
