<?xml version="1.0" encoding="UTF-8"?>
<!-- Generated by org.testng.reporters.JUnitXMLReporter -->
<testsuite hostname="CPX-R8XMCY77B44" ignored="0" name="testSuite1" tests="14" failures="0" timestamp="26 avr. 2018 11:21:22 GMT" time="93.032" errors="0">
  <testcase name="login" time="7.831" classname="account.NewAccountTest"/>
  <testcase name="accessAccountTab" time="3.112" classname="account.NewAccountTest"/>
  <testcase name="clicNewAccountBtn" time="0.769" classname="account.NewAccountTest"/>
  <testcase name="checkNewAccountVisibleFields" time="2.118" classname="account.NewAccountTest"/>
  <testcase name="checkNewAccountEditableFields" time="2.43" classname="account.NewAccountTest"/>
  <testcase name="checkEditPageButtons" time="0.355" classname="account.NewAccountTest"/>
  <testcase name="fillNewAccountFields" time="20.493" classname="account.NewAccountTest"/>
  <testcase name="clickSaveButton" time="0.833" classname="account.NewAccountTest"/>
  <testcase name="saveMultipleAccounts" time="2.553" classname="account.NewAccountTest"/>
  <testcase name="checkAccountViewPageLabels" time="1.565" classname="account.NewAccountTest"/>
  <testcase name="validateNewAccount" time="1.427" classname="account.NewAccountTest"/>
  <testcase name="checkViewPageButtons" time="0.132" classname="account.NewAccountTest"/>
  <testcase name="checkRelatedLists" time="0.29" classname="account.NewAccountTest"/>
  <testcase name="logoutAndClose" time="1.051" classname="account.NewAccountTest"/>
</testsuite> <!-- testSuite1 -->
