<?xml version="1.0" encoding="UTF-8"?>
<!-- Generated by org.testng.reporters.JUnitXMLReporter -->
<testsuite hostname="CPX-R8XMCY77B44" ignored="0" name="testSuite2" tests="14" failures="0" timestamp="26 avr. 2018 11:18:36 GMT" time="94.886" errors="0">
  <testcase name="login" time="9.073" classname="account.NewAccountTest"/>
  <testcase name="accessAccountTab" time="3.475" classname="account.NewAccountTest"/>
  <testcase name="clicNewAccountBtn" time="0.833" classname="account.NewAccountTest"/>
  <testcase name="checkNewAccountVisibleFields" time="2.323" classname="account.NewAccountTest"/>
  <testcase name="checkNewAccountEditableFields" time="2.742" classname="account.NewAccountTest"/>
  <testcase name="checkEditPageButtons" time="0.319" classname="account.NewAccountTest"/>
  <testcase name="fillNewAccountFields" time="23.779" classname="account.NewAccountTest"/>
  <testcase name="clickSaveButton" time="0.908" classname="account.NewAccountTest"/>
  <testcase name="saveMultipleAccounts" time="2.314" classname="account.NewAccountTest"/>
  <testcase name="checkAccountViewPageLabels" time="2.009" classname="account.NewAccountTest"/>
  <testcase name="validateNewAccount" time="1.384" classname="account.NewAccountTest"/>
  <testcase name="checkViewPageButtons" time="0.107" classname="account.NewAccountTest"/>
  <testcase name="checkRelatedLists" time="0.399" classname="account.NewAccountTest"/>
  <testcase name="logoutAndClose" time="0.513" classname="account.NewAccountTest"/>
</testsuite> <!-- testSuite2 -->
