-------------------------------------------------------------------------------
Test set: runner.RunnerTest
-------------------------------------------------------------------------------
Tests run: 1, Failures: 1, Errors: 0, Skipped: 0, Time elapsed: 86.741 s <<< FAILURE! - in runner.RunnerTest
feature(runner.RunnerTest)  Time elapsed: 85.825 s  <<< FAILURE!
cucumber.runtime.CucumberException: org.junit.ComparisonFailure: expected:<[tru]e> but was:<[fals]e>
Caused by: org.junit.ComparisonFailure: expected:<[tru]e> but was:<[fals]e>

