<?xml version="1.0" encoding="UTF-8"?>
<testng-results skipped="0" failed="0" ignored="0" total="1" passed="1">
  <reporter-output>
  </reporter-output>
  <suite name="Surefire suite" duration-ms="50553" started-at="2018-05-31T11:54:48Z" finished-at="2018-05-31T11:55:38Z">
    <groups>
      <group name="cucumber">
        <method signature="AbstractTestNGCucumberTests.feature(cucumber.api.testng.CucumberFeatureWrapper)[pri:0, instance:runner.RunnerTest@1efbd816]" name="feature" class="cucumber.api.testng.AbstractTestNGCucumberTests"/>
      </group> <!-- cucumber -->
    </groups>
    <test name="Surefire test" duration-ms="50553" started-at="2018-05-31T11:54:48Z" finished-at="2018-05-31T11:55:38Z">
      <class name="runner.RunnerTest">
        <test-method status="PASS" signature="setUpClass()[pri:0, instance:runner.RunnerTest@1efbd816]" name="setUpClass" is-config="true" duration-ms="310" started-at="2018-05-31T11:54:48Z" finished-at="2018-05-31T11:54:48Z">
          <reporter-output>
          </reporter-output>
        </test-method> <!-- setUpClass -->
        <test-method status="PASS" signature="feature(cucumber.api.testng.CucumberFeatureWrapper)[pri:0, instance:runner.RunnerTest@1efbd816]" name="feature" duration-ms="50076" started-at="2018-05-31T11:54:48Z" description="Runs Cucumber Feature" data-provider="features" finished-at="2018-05-31T11:55:38Z">
          <params>
            <param index="0">
              <value>
                <![CDATA[Test Non regression account]]>
              </value>
            </param>
          </params>
          <reporter-output>
          </reporter-output>
        </test-method> <!-- feature -->
        <test-method status="PASS" signature="tearDownClass()[pri:0, instance:runner.RunnerTest@1efbd816]" name="tearDownClass" is-config="true" duration-ms="37" started-at="2018-05-31T11:55:38Z" finished-at="2018-05-31T11:55:38Z">
          <reporter-output>
          </reporter-output>
        </test-method> <!-- tearDownClass -->
      </class> <!-- runner.RunnerTest -->
    </test> <!-- Surefire test -->
  </suite> <!-- Surefire suite -->
</testng-results>
